<?xml version="1.0" encoding="utf-8"?><testsuites name="pytest tests"><testsuite name="pytest" errors="0" failures="0" skipped="0" tests="12" time="4.442" timestamp="2026-09-12T21:24:53.780067+00:00" hostname="agent-env-b9589115-3c93-45bc-b6b7-149067c43275"><testcase classname="tests.test_review_request_v2.TestSubscriptionsMeUsage" name="test_me_includes_usage_and_next_renewal" time="1.541" /><testcase classname="tests.test_review_request_v2.TestClientCancel" name="test_client_cancels_own_sub" time="1.536" /><testcase classname="tests.test_review_request_v2.TestClientCancel" name="test_client_cannot_cancel_others_sub" time="1.341" /><testcase classname="tests.test_review_request_v2.TestSubscriptionsMeUsage" name="test_elite_cortes_unlimited" time="0.784" /><testcase classname="tests.test_review_request_v2.TestSubscriptionsMeUsage" name="test_corte_appointment_increments_used" time="0.907" /><testcase classname="tests.test_review_request_v2.TestClientCancel" name="test_cancel_unauth" time="0.126" /><testcase classname="tests.test_review_request_v2.TestCronSubscriptionReminders" name="test_no_auth_returns_401" time="0.119" /><testcase classname="tests.test_review_request_v2.TestCronSubscriptionReminders" name="test_wrong_secret_returns_401" time="0.145" /><testcase classname="tests.test_review_request_v2.TestAdminEarnings" name="test_earnings_shape" time="0.104" /><testcase classname="tests.test_review_request_v2.TestCronSubscriptionReminders" name="test_correct_secret_returns_202" time="0.139" /><testcase classname="tests.test_review_request_v2.TestAdminEarnings" name="test_earnings_unauth" time="0.119" /><testcase classname="tests.test_review_request_v2.TestRenewalDate" name="test_activation_sets_next_renewal" time="0.544" /></testsuite></testsuites>