<?xml version="1.0" encoding="utf-8"?><testsuites name="pytest tests"><testsuite name="pytest" errors="0" failures="0" skipped="0" tests="16" time="5.421" timestamp="2026-09-12T21:14:02.456689+00:00" hostname="agent-env-b9589115-3c93-45bc-b6b7-149067c43275"><testcase classname="tests.test_review_request.TestMultiBooking" name="test_barbers_for_multiple_services" time="0.154" /><testcase classname="tests.test_review_request.TestMultiBooking" name="test_slots_multi_service" time="0.235" /><testcase classname="tests.test_review_request.TestAdminBasics" name="test_admin_overview" time="0.740" /><testcase classname="tests.test_review_request.TestMultiBooking" name="test_create_multi_service_appointment_online" time="0.760" /><testcase classname="tests.test_review_request.TestAdminBasics" name="test_admin_users_list_and_owner_flag" time="0.429" /><testcase classname="tests.test_review_request.TestMultiBooking" name="test_online_checkout_returns_stripe" time="0.392" /><testcase classname="tests.test_review_request.TestRoleManagement" name="test_grant_and_revoke_admin" time="0.956" /><testcase classname="tests.test_review_request.TestForgotReset" name="test_forgot_unknown_email" time="0.118" /><testcase classname="tests.test_review_request.TestForgotReset" name="test_forgot_and_reset_flow" time="2.401" /><testcase classname="tests.test_review_request.TestRoleManagement" name="test_cannot_demote_owner" time="0.168" /><testcase classname="tests.test_review_request.TestSubscriptions" name="test_subscribe_cash_and_admin_confirm" time="0.455" /><testcase classname="tests.test_review_request.TestSubscriptions" name="test_subscribe_online_stripe_checkout" time="0.673" /><testcase classname="tests.test_review_request.TestPlans" name="test_plans_shape_and_prices" time="0.225" /><testcase classname="tests.test_review_request.TestCashAppointment" name="test_create_cash_and_admin_confirm" time="0.432" /><testcase classname="tests.test_review_request.TestAuthGuards" name="test_admin_endpoints_unauth_returns_401" time="0.370" /><testcase classname="tests.test_review_request.TestAuthGuards" name="test_admin_endpoints_normaluser_returns_403" time="0.484" /></testsuite></testsuites>